16:21:04.937 [JavaFX Application Thread] DEBUG GameApplication      - Logger initialized
16:21:04.946 [JavaFX Application Thread] DEBUG MainWindow           - Creating a JavaFX scene
16:21:05.100 [JavaFX Application Thread] DEBUG MainWindow           - Target settings size: 800.0 x 600.0
16:21:05.100 [JavaFX Application Thread] DEBUG MainWindow           - Scaled scene size:    800.0 x 600.0
16:21:05.101 [JavaFX Application Thread] DEBUG MainWindow           - Scaled ratio: (1.0, 1.0)
16:21:05.106 [JavaFX Application Thread] DEBUG GameApplication      - Starting FXGL
16:21:05.114 [JavaFX Application Thread] INFO  FXGL                 - FXGL-0.5.3 on DESKTOP
16:21:05.114 [JavaFX Application Thread] INFO  FXGL                 - Source code and latest versions at: https://github.com/AlmasB/FXGL
16:21:05.115 [JavaFX Application Thread] INFO  FXGL                 -              Join the FXGL chat at: https://gitter.im/AlmasB/FXGL
16:21:05.125 [JavaFX Application Thread] DEBUG FS                   - Loaded DesktopFSService
16:21:05.126 [JavaFX Application Thread] DEBUG FXGL                 - Loading FXGL system data
16:21:05.142 [JavaFX Application Thread] DEBUG DesktopFSService     - Reading from: system\fxgl.bundle
16:21:05.159 [JavaFX Application Thread] DEBUG Bundle               - Logging bundle: FXGL
16:21:05.160 [JavaFX Application Thread] DEBUG Bundle               - FXGL.offline.timer.version.check=2018-08-29T10:41:18.563066400
16:21:05.213 [JavaFX Application Thread] DEBUG GameApplication      - FXGL started
16:21:05.213 [JavaFX Application Thread] DEBUG GameApplication      - Logging game settings
Title: Deep learning
Version: 
Width: 800
Height: 600
Fullscreen: false
Intro: false
Menus: false
Profiling: false
Single step:false
App Mode: DEVELOPER
Menu Key: ESCAPE
Stage Style: DECORATED
Scene Factory: class com.almasb.fxgl.scene.SceneFactory
Dialog Factory: class com.almasb.fxgl.ui.FXGLDialogFactory
UI Factory: class com.almasb.fxgl.ui.FXGLUIFactory
Notification Service: class com.almasb.fxgl.gameplay.notification.XboxNotificationView
Exception Handler: class com.almasb.fxgl.app.FXGLExceptionHandler
16:21:05.214 [JavaFX Application Thread] DEBUG GameApplication      - Configuring GameApplication
16:21:05.215 [JavaFX Application Thread] DEBUG GameApplication      - Initializing state machine and application states
16:21:05.229 [JavaFX Application Thread] DEBUG AssetLoader          - Loading from disk: /assets/ui/cursors/fxgl_default.png
16:21:05.246 [JavaFX Application Thread] DEBUG AssetLoader          - Loading from disk: /assets/ui/cursors/fxgl_default.png
16:21:05.270 [JavaFX Application Thread] DEBUG FXGLAssets           - Loading FXGLAssets
16:21:05.330 [JavaFX Application Thread] DEBUG AssetLoader          - Loading from disk: /assets/ui/fonts/VarelaRound-Regular.ttf
16:21:05.503 [JavaFX Application Thread] DEBUG AssetLoader          - Loading from disk: /assets/ui/fonts/lucida_console.ttf
16:21:05.509 [JavaFX Application Thread] DEBUG AssetLoader          - Loading from disk: /assets/ui/fonts/Courier-Prime.ttf
16:21:05.514 [JavaFX Application Thread] DEBUG AssetLoader          - Loading from disk: /assets/ui/fonts/Abel-Regular.ttf
16:21:05.519 [JavaFX Application Thread] DEBUG AssetLoader          - Loading from disk: /assets/ui/css/fxgl_dark.css
16:21:05.547 [JavaFX Application Thread] DEBUG AssetLoader          - Loading from disk: /assets/ui/cursors/fxgl_default.png
16:21:05.607 [JavaFX Application Thread] DEBUG AssetLoader          - Loading from disk: /assets/ui/cursors/fxgl_default.png
16:21:05.639 [JavaFX Application Thread] DEBUG GameScene            - Game scene initialized: 800x600
16:21:05.642 [JavaFX Application Thread] DEBUG GameWorld            - Game world initialized
16:21:05.725 [JavaFX Application Thread] DEBUG PhysicsWorld         - Physics world initialized: appHeight=600, physics.ppm=50.0
16:21:05.756 [JavaFX Application Thread] DEBUG Input                - Registered new binding: Pause - Esc
16:21:05.782 [JavaFX Application Thread] DEBUG Input                - Clearing active input actions
16:21:05.821 [JavaFX Application Thread] DEBUG AppStateMachine      - StartupState -> StartupState
16:21:05.826 [JavaFX Application Thread] INFO  GameApplication      - Game configuration took:  0.611 sec
16:21:05.828 [JavaFX Application Thread] DEBUG AssetLoader          - Loading from disk: /assets/textures/fxgl_icon.png
16:21:05.846 [JavaFX Application Thread] DEBUG MainWindow           - Opening main window
16:21:05.964 [JavaFX Application Thread] DEBUG MainWindow           - Window border size: (14.66668701171875, 37.33331298828125)
16:21:05.964 [JavaFX Application Thread] DEBUG MainWindow           - Scaled size: 800.0 x 600.0
16:21:05.965 [JavaFX Application Thread] DEBUG MainWindow           - Scaled ratio: (1.0, 1.0)
16:21:05.965 [JavaFX Application Thread] DEBUG MainWindow           - Scene size: 800.0 x 600.0
16:21:05.965 [JavaFX Application Thread] DEBUG MainWindow           - Stage size: 814.6666870117188 x 637.3333129882812
16:21:05.965 [JavaFX Application Thread] DEBUG GameApplication      - Running preInit()
16:21:05.970 [JavaFX Application Thread] DEBUG Input                - Registered new binding: Screenshot - P
16:21:05.971 [JavaFX Application Thread] DEBUG Input                - Registered new binding: Dev Options - CTRL+0
16:21:05.973 [JavaFX Application Thread] DEBUG Input                - Registered new binding: System info dump - CTRL+9
16:21:05.974 [JavaFX Application Thread] DEBUG Input                - Registered new binding: Restart - CTRL+R
16:21:05.974 [JavaFX Application Thread] DEBUG Input                - Registered new binding: Up - W
16:21:05.974 [JavaFX Application Thread] DEBUG Input                - Registered new binding: Down - S
16:21:05.974 [JavaFX Application Thread] DEBUG Input                - Registered new binding: Right - D
16:21:05.975 [JavaFX Application Thread] DEBUG Input                - Registered new binding: Left - A
16:21:05.998 [JavaFX Application Thread] DEBUG GameApplication      - Starting main loop
16:21:06.011 [JavaFX Application Thread] DEBUG StartupState         - STARTUP
16:21:06.012 [JavaFX Application Thread] DEBUG GameApplication      - Starting new game
16:21:06.012 [JavaFX Application Thread] DEBUG Input                - Clearing active input actions
16:21:06.029 [JavaFX Application Thread] DEBUG AppStateMachine      - StartupState -> LoadingState
16:21:06.040 [FXGL Background Thread 1 ] DEBUG InitAppTask          - Clearing previous game
16:21:06.040 [FXGL Background Thread 1 ] DEBUG GameWorld            - Clearing game world
16:21:06.040 [FXGL Background Thread 1 ] DEBUG PhysicsWorld         - Clearing physics world
16:21:06.040 [FXGL Background Thread 1 ] DEBUG GameScene            - Clearing game scene
16:21:06.043 [FXGL Background Thread 1 ] DEBUG InitAppTask          - Initializing Game
16:21:06.145 [FXGL Background Thread 1 ] DEBUG GameScene            - Creating render group for layer: DEFAULT(100000)
16:21:06.153 [FXGL Background Thread 1 ] DEBUG InitAppTask          - Initializing Physics
16:21:06.154 [FXGL Background Thread 1 ] DEBUG InitAppTask          - Initializing UI
16:21:06.155 [FXGL Background Thread 1 ] DEBUG InitAppTask          - Initialization Complete
16:21:06.155 [FXGL Background Thread 1 ] INFO  InitAppTask          - Game initialization took: 0.116 sec
16:21:06.261 [JavaFX Application Thread] DEBUG Input                - Clearing active input actions
16:21:06.267 [JavaFX Application Thread] DEBUG AppStateMachine      - LoadingState -> PlayState
16:21:07.910 [JavaFX Application Thread] DEBUG GameApplication      - Exiting game application
16:21:07.911 [JavaFX Application Thread] DEBUG GameApplication      - Shutting down background threads
16:21:07.912 [JavaFX Application Thread] DEBUG GameApplication      - Exiting FXGL
16:21:07.912 [JavaFX Application Thread] DEBUG FXGL                 - Saving FXGL system data
16:21:07.924 [JavaFX Application Thread] DEBUG DesktopFSService     - Writing to: system\fxgl.bundle
16:21:07.943 [JavaFX Application Thread] DEBUG GameApplication      - Closing logger and exiting JavaFX
