21:35:53.215 [JavaFX Application Thread] DEBUG GameApplication      - Logger initialized
21:35:53.227 [JavaFX Application Thread] DEBUG MainWindow           - Creating a JavaFX scene
21:35:53.404 [JavaFX Application Thread] DEBUG MainWindow           - Target settings size: 800.0 x 600.0
21:35:53.404 [JavaFX Application Thread] DEBUG MainWindow           - Scaled scene size:    800.0 x 600.0
21:35:53.405 [JavaFX Application Thread] DEBUG MainWindow           - Scaled ratio: (1.0, 1.0)
21:35:53.414 [JavaFX Application Thread] DEBUG GameApplication      - Starting FXGL
21:35:53.426 [JavaFX Application Thread] INFO  FXGL                 - FXGL-0.5.3 on DESKTOP
21:35:53.427 [JavaFX Application Thread] INFO  FXGL                 - Source code and latest versions at: https://github.com/AlmasB/FXGL
21:35:53.427 [JavaFX Application Thread] INFO  FXGL                 -              Join the FXGL chat at: https://gitter.im/AlmasB/FXGL
21:35:53.436 [JavaFX Application Thread] DEBUG FS                   - Loaded DesktopFSService
21:35:53.437 [JavaFX Application Thread] DEBUG FXGL                 - Loading FXGL system data
21:35:53.452 [JavaFX Application Thread] DEBUG DesktopFSService     - Reading from: system\fxgl.bundle
21:35:53.467 [JavaFX Application Thread] DEBUG Bundle               - Logging bundle: FXGL
21:35:53.467 [JavaFX Application Thread] DEBUG Bundle               - FXGL.offline.timer.version.check=2018-08-29T10:41:18.563066400
21:35:53.522 [JavaFX Application Thread] DEBUG GameApplication      - FXGL started
21:35:53.523 [JavaFX Application Thread] DEBUG GameApplication      - Logging game settings
Title: Deep learning
Version: 
Width: 800
Height: 600
Fullscreen: false
Intro: false
Menus: false
Profiling: false
Single step:false
App Mode: DEVELOPER
Menu Key: ESCAPE
Stage Style: DECORATED
Scene Factory: class com.almasb.fxgl.scene.SceneFactory
Dialog Factory: class com.almasb.fxgl.ui.FXGLDialogFactory
UI Factory: class com.almasb.fxgl.ui.FXGLUIFactory
Notification Service: class com.almasb.fxgl.gameplay.notification.XboxNotificationView
Exception Handler: class com.almasb.fxgl.app.FXGLExceptionHandler
21:35:53.524 [JavaFX Application Thread] DEBUG GameApplication      - Configuring GameApplication
21:35:53.525 [JavaFX Application Thread] DEBUG GameApplication      - Initializing state machine and application states
21:35:53.548 [JavaFX Application Thread] DEBUG AssetLoader          - Loading from disk: /assets/ui/cursors/fxgl_default.png
21:35:53.566 [JavaFX Application Thread] DEBUG AssetLoader          - Loading from disk: /assets/ui/cursors/fxgl_default.png
21:35:53.597 [JavaFX Application Thread] DEBUG FXGLAssets           - Loading FXGLAssets
21:35:53.647 [JavaFX Application Thread] DEBUG AssetLoader          - Loading from disk: /assets/ui/fonts/VarelaRound-Regular.ttf
21:35:53.922 [JavaFX Application Thread] DEBUG AssetLoader          - Loading from disk: /assets/ui/fonts/lucida_console.ttf
21:35:53.930 [JavaFX Application Thread] DEBUG AssetLoader          - Loading from disk: /assets/ui/fonts/Courier-Prime.ttf
21:35:53.939 [JavaFX Application Thread] DEBUG AssetLoader          - Loading from disk: /assets/ui/fonts/Abel-Regular.ttf
21:35:53.945 [JavaFX Application Thread] DEBUG AssetLoader          - Loading from disk: /assets/ui/css/fxgl_dark.css
21:35:53.987 [JavaFX Application Thread] DEBUG AssetLoader          - Loading from disk: /assets/ui/cursors/fxgl_default.png
21:35:54.087 [JavaFX Application Thread] DEBUG AssetLoader          - Loading from disk: /assets/ui/cursors/fxgl_default.png
21:35:54.137 [JavaFX Application Thread] DEBUG GameScene            - Game scene initialized: 800x600
21:35:54.143 [JavaFX Application Thread] DEBUG GameWorld            - Game world initialized
21:35:54.239 [JavaFX Application Thread] DEBUG PhysicsWorld         - Physics world initialized: appHeight=600, physics.ppm=50.0
21:35:54.272 [JavaFX Application Thread] DEBUG Input                - Registered new binding: Pause - Esc
21:35:54.300 [JavaFX Application Thread] DEBUG Input                - Clearing active input actions
21:35:54.378 [JavaFX Application Thread] DEBUG AppStateMachine      - StartupState -> StartupState
21:35:54.384 [JavaFX Application Thread] INFO  GameApplication      - Game configuration took:  0.859 sec
21:35:54.389 [JavaFX Application Thread] DEBUG AssetLoader          - Loading from disk: /assets/textures/fxgl_icon.png
21:35:54.415 [JavaFX Application Thread] DEBUG MainWindow           - Opening main window
21:35:54.575 [JavaFX Application Thread] DEBUG MainWindow           - Window border size: (14.66668701171875, 37.33331298828125)
21:35:54.575 [JavaFX Application Thread] DEBUG MainWindow           - Scaled size: 800.0 x 600.0
21:35:54.575 [JavaFX Application Thread] DEBUG MainWindow           - Scaled ratio: (1.0, 1.0)
21:35:54.575 [JavaFX Application Thread] DEBUG MainWindow           - Scene size: 800.0 x 600.0
21:35:54.576 [JavaFX Application Thread] DEBUG MainWindow           - Stage size: 814.6666870117188 x 637.3333129882812
21:35:54.576 [JavaFX Application Thread] DEBUG GameApplication      - Running preInit()
21:35:54.582 [JavaFX Application Thread] DEBUG Input                - Registered new binding: Screenshot - P
21:35:54.584 [JavaFX Application Thread] DEBUG Input                - Registered new binding: Dev Options - CTRL+0
21:35:54.584 [JavaFX Application Thread] DEBUG Input                - Registered new binding: System info dump - CTRL+9
21:35:54.585 [JavaFX Application Thread] DEBUG Input                - Registered new binding: Restart - CTRL+R
21:35:54.585 [JavaFX Application Thread] DEBUG Input                - Registered new binding: Up - W
21:35:54.585 [JavaFX Application Thread] DEBUG Input                - Registered new binding: Down - S
21:35:54.586 [JavaFX Application Thread] DEBUG Input                - Registered new binding: Right - D
21:35:54.586 [JavaFX Application Thread] DEBUG Input                - Registered new binding: Left - A
21:35:54.611 [JavaFX Application Thread] DEBUG GameApplication      - Starting main loop
21:35:54.624 [JavaFX Application Thread] DEBUG StartupState         - STARTUP
21:35:54.625 [JavaFX Application Thread] DEBUG GameApplication      - Starting new game
21:35:54.625 [JavaFX Application Thread] DEBUG Input                - Clearing active input actions
21:35:54.656 [JavaFX Application Thread] DEBUG AppStateMachine      - StartupState -> LoadingState
21:35:54.778 [FXGL Background Thread 1 ] DEBUG InitAppTask          - Clearing previous game
21:35:54.779 [FXGL Background Thread 1 ] DEBUG GameWorld            - Clearing game world
21:35:54.779 [FXGL Background Thread 1 ] DEBUG PhysicsWorld         - Clearing physics world
21:35:54.780 [FXGL Background Thread 1 ] DEBUG GameScene            - Clearing game scene
21:35:54.783 [FXGL Background Thread 1 ] DEBUG InitAppTask          - Initializing Game
21:35:54.912 [FXGL Background Thread 1 ] DEBUG GameScene            - Creating render group for layer: DEFAULT(100000)
21:35:54.917 [FXGL Background Thread 1 ] DEBUG InitAppTask          - Initializing Physics
21:35:54.918 [FXGL Background Thread 1 ] DEBUG InitAppTask          - Initializing UI
21:35:54.919 [FXGL Background Thread 1 ] DEBUG InitAppTask          - Initialization Complete
21:35:54.919 [FXGL Background Thread 1 ] INFO  InitAppTask          - Game initialization took: 0.142 sec
21:35:54.936 [JavaFX Application Thread] DEBUG Input                - Clearing active input actions
21:35:54.953 [JavaFX Application Thread] DEBUG AppStateMachine      - LoadingState -> PlayState
21:35:56.185 [JavaFX Application Thread] DEBUG GameApplication      - Exiting game application
21:35:56.187 [JavaFX Application Thread] DEBUG GameApplication      - Shutting down background threads
21:35:56.187 [JavaFX Application Thread] DEBUG GameApplication      - Exiting FXGL
21:35:56.188 [JavaFX Application Thread] DEBUG FXGL                 - Saving FXGL system data
21:35:56.196 [JavaFX Application Thread] DEBUG DesktopFSService     - Writing to: system\fxgl.bundle
21:35:56.215 [JavaFX Application Thread] DEBUG GameApplication      - Closing logger and exiting JavaFX
