21:36:31.279 [JavaFX Application Thread] DEBUG GameApplication      - Logger initialized
21:36:31.290 [JavaFX Application Thread] DEBUG MainWindow           - Creating a JavaFX scene
21:36:31.458 [JavaFX Application Thread] DEBUG MainWindow           - Target settings size: 800.0 x 600.0
21:36:31.458 [JavaFX Application Thread] DEBUG MainWindow           - Scaled scene size:    800.0 x 600.0
21:36:31.459 [JavaFX Application Thread] DEBUG MainWindow           - Scaled ratio: (1.0, 1.0)
21:36:31.464 [JavaFX Application Thread] DEBUG GameApplication      - Starting FXGL
21:36:31.479 [JavaFX Application Thread] INFO  FXGL                 - FXGL-0.5.3 on DESKTOP
21:36:31.479 [JavaFX Application Thread] INFO  FXGL                 - Source code and latest versions at: https://github.com/AlmasB/FXGL
21:36:31.480 [JavaFX Application Thread] INFO  FXGL                 -              Join the FXGL chat at: https://gitter.im/AlmasB/FXGL
21:36:31.494 [JavaFX Application Thread] DEBUG FS                   - Loaded DesktopFSService
21:36:31.495 [JavaFX Application Thread] DEBUG FXGL                 - Loading FXGL system data
21:36:31.510 [JavaFX Application Thread] DEBUG DesktopFSService     - Reading from: system\fxgl.bundle
21:36:31.524 [JavaFX Application Thread] DEBUG Bundle               - Logging bundle: FXGL
21:36:31.525 [JavaFX Application Thread] DEBUG Bundle               - FXGL.offline.timer.version.check=2018-08-29T10:41:18.563066400
21:36:31.576 [JavaFX Application Thread] DEBUG GameApplication      - FXGL started
21:36:31.576 [JavaFX Application Thread] DEBUG GameApplication      - Logging game settings
Title: Deep learning
Version: 
Width: 800
Height: 600
Fullscreen: false
Intro: false
Menus: false
Profiling: false
Single step:false
App Mode: DEVELOPER
Menu Key: ESCAPE
Stage Style: DECORATED
Scene Factory: class com.almasb.fxgl.scene.SceneFactory
Dialog Factory: class com.almasb.fxgl.ui.FXGLDialogFactory
UI Factory: class com.almasb.fxgl.ui.FXGLUIFactory
Notification Service: class com.almasb.fxgl.gameplay.notification.XboxNotificationView
Exception Handler: class com.almasb.fxgl.app.FXGLExceptionHandler
21:36:31.578 [JavaFX Application Thread] DEBUG GameApplication      - Configuring GameApplication
21:36:31.578 [JavaFX Application Thread] DEBUG GameApplication      - Initializing state machine and application states
21:36:31.599 [JavaFX Application Thread] DEBUG AssetLoader          - Loading from disk: /assets/ui/cursors/fxgl_default.png
21:36:31.622 [JavaFX Application Thread] DEBUG AssetLoader          - Loading from disk: /assets/ui/cursors/fxgl_default.png
21:36:31.653 [JavaFX Application Thread] DEBUG FXGLAssets           - Loading FXGLAssets
21:36:31.697 [JavaFX Application Thread] DEBUG AssetLoader          - Loading from disk: /assets/ui/fonts/VarelaRound-Regular.ttf
21:36:31.964 [JavaFX Application Thread] DEBUG AssetLoader          - Loading from disk: /assets/ui/fonts/lucida_console.ttf
21:36:31.972 [JavaFX Application Thread] DEBUG AssetLoader          - Loading from disk: /assets/ui/fonts/Courier-Prime.ttf
21:36:31.979 [JavaFX Application Thread] DEBUG AssetLoader          - Loading from disk: /assets/ui/fonts/Abel-Regular.ttf
21:36:31.984 [JavaFX Application Thread] DEBUG AssetLoader          - Loading from disk: /assets/ui/css/fxgl_dark.css
21:36:32.021 [JavaFX Application Thread] DEBUG AssetLoader          - Loading from disk: /assets/ui/cursors/fxgl_default.png
21:36:32.115 [JavaFX Application Thread] DEBUG AssetLoader          - Loading from disk: /assets/ui/cursors/fxgl_default.png
21:36:32.157 [JavaFX Application Thread] DEBUG GameScene            - Game scene initialized: 800x600
21:36:32.164 [JavaFX Application Thread] DEBUG GameWorld            - Game world initialized
21:36:32.258 [JavaFX Application Thread] DEBUG PhysicsWorld         - Physics world initialized: appHeight=600, physics.ppm=50.0
21:36:32.283 [JavaFX Application Thread] DEBUG Input                - Registered new binding: Pause - Esc
21:36:32.309 [JavaFX Application Thread] DEBUG Input                - Clearing active input actions
21:36:32.380 [JavaFX Application Thread] DEBUG AppStateMachine      - StartupState -> StartupState
21:36:32.393 [JavaFX Application Thread] INFO  GameApplication      - Game configuration took:  0.814 sec
21:36:32.398 [JavaFX Application Thread] DEBUG AssetLoader          - Loading from disk: /assets/textures/fxgl_icon.png
21:36:32.442 [JavaFX Application Thread] DEBUG MainWindow           - Opening main window
21:36:32.602 [JavaFX Application Thread] DEBUG MainWindow           - Window border size: (14.66668701171875, 37.33331298828125)
21:36:32.603 [JavaFX Application Thread] DEBUG MainWindow           - Scaled size: 800.0 x 600.0
21:36:32.604 [JavaFX Application Thread] DEBUG MainWindow           - Scaled ratio: (1.0, 1.0)
21:36:32.604 [JavaFX Application Thread] DEBUG MainWindow           - Scene size: 800.0 x 600.0
21:36:32.605 [JavaFX Application Thread] DEBUG MainWindow           - Stage size: 814.6666870117188 x 637.3333129882812
21:36:32.605 [JavaFX Application Thread] DEBUG GameApplication      - Running preInit()
21:36:32.611 [JavaFX Application Thread] DEBUG Input                - Registered new binding: Screenshot - P
21:36:32.612 [JavaFX Application Thread] DEBUG Input                - Registered new binding: Dev Options - CTRL+0
21:36:32.613 [JavaFX Application Thread] DEBUG Input                - Registered new binding: System info dump - CTRL+9
21:36:32.614 [JavaFX Application Thread] DEBUG Input                - Registered new binding: Restart - CTRL+R
21:36:32.615 [JavaFX Application Thread] DEBUG Input                - Registered new binding: Up - W
21:36:32.615 [JavaFX Application Thread] DEBUG Input                - Registered new binding: Down - S
21:36:32.615 [JavaFX Application Thread] DEBUG Input                - Registered new binding: Right - D
21:36:32.616 [JavaFX Application Thread] DEBUG Input                - Registered new binding: Left - A
21:36:32.644 [JavaFX Application Thread] DEBUG GameApplication      - Starting main loop
21:36:32.660 [JavaFX Application Thread] DEBUG StartupState         - STARTUP
21:36:32.660 [JavaFX Application Thread] DEBUG GameApplication      - Starting new game
21:36:32.660 [JavaFX Application Thread] DEBUG Input                - Clearing active input actions
21:36:32.698 [JavaFX Application Thread] DEBUG AppStateMachine      - StartupState -> LoadingState
21:36:32.707 [FXGL Background Thread 1 ] DEBUG InitAppTask          - Clearing previous game
21:36:32.708 [FXGL Background Thread 1 ] DEBUG GameWorld            - Clearing game world
21:36:32.708 [FXGL Background Thread 1 ] DEBUG PhysicsWorld         - Clearing physics world
21:36:32.708 [FXGL Background Thread 1 ] DEBUG GameScene            - Clearing game scene
21:36:32.711 [FXGL Background Thread 1 ] DEBUG InitAppTask          - Initializing Game
21:36:32.830 [FXGL Background Thread 1 ] DEBUG GameScene            - Creating render group for layer: DEFAULT(100000)
21:36:32.835 [FXGL Background Thread 1 ] DEBUG InitAppTask          - Initializing Physics
21:36:32.836 [FXGL Background Thread 1 ] DEBUG InitAppTask          - Initializing UI
21:36:32.836 [FXGL Background Thread 1 ] DEBUG InitAppTask          - Initialization Complete
21:36:32.836 [FXGL Background Thread 1 ] INFO  InitAppTask          - Game initialization took: 0.130 sec
21:36:32.920 [JavaFX Application Thread] DEBUG Input                - Clearing active input actions
21:36:32.934 [JavaFX Application Thread] DEBUG AppStateMachine      - LoadingState -> PlayState
21:36:34.248 [JavaFX Application Thread] DEBUG GameApplication      - Exiting game application
21:36:34.249 [JavaFX Application Thread] DEBUG GameApplication      - Shutting down background threads
21:36:34.249 [JavaFX Application Thread] DEBUG GameApplication      - Exiting FXGL
21:36:34.250 [JavaFX Application Thread] DEBUG FXGL                 - Saving FXGL system data
21:36:34.255 [JavaFX Application Thread] DEBUG DesktopFSService     - Writing to: system\fxgl.bundle
21:36:34.269 [JavaFX Application Thread] DEBUG GameApplication      - Closing logger and exiting JavaFX
