21:36:42.243 [JavaFX Application Thread] DEBUG GameApplication      - Logger initialized
21:36:42.256 [JavaFX Application Thread] DEBUG MainWindow           - Creating a JavaFX scene
21:36:42.527 [JavaFX Application Thread] DEBUG MainWindow           - Target settings size: 800.0 x 600.0
21:36:42.528 [JavaFX Application Thread] DEBUG MainWindow           - Scaled scene size:    800.0 x 600.0
21:36:42.528 [JavaFX Application Thread] DEBUG MainWindow           - Scaled ratio: (1.0, 1.0)
21:36:42.538 [JavaFX Application Thread] DEBUG GameApplication      - Starting FXGL
21:36:42.555 [JavaFX Application Thread] INFO  FXGL                 - FXGL-0.5.3 on DESKTOP
21:36:42.555 [JavaFX Application Thread] INFO  FXGL                 - Source code and latest versions at: https://github.com/AlmasB/FXGL
21:36:42.555 [JavaFX Application Thread] INFO  FXGL                 -              Join the FXGL chat at: https://gitter.im/AlmasB/FXGL
21:36:42.570 [JavaFX Application Thread] DEBUG FS                   - Loaded DesktopFSService
21:36:42.571 [JavaFX Application Thread] DEBUG FXGL                 - Loading FXGL system data
21:36:42.588 [JavaFX Application Thread] DEBUG DesktopFSService     - Reading from: system\fxgl.bundle
21:36:42.604 [JavaFX Application Thread] DEBUG Bundle               - Logging bundle: FXGL
21:36:42.605 [JavaFX Application Thread] DEBUG Bundle               - FXGL.offline.timer.version.check=2018-08-29T10:41:18.563066400
21:36:42.673 [JavaFX Application Thread] DEBUG GameApplication      - FXGL started
21:36:42.674 [JavaFX Application Thread] DEBUG GameApplication      - Logging game settings
Title: Deep learning
Version: 
Width: 800
Height: 600
Fullscreen: false
Intro: false
Menus: false
Profiling: false
Single step:false
App Mode: DEVELOPER
Menu Key: ESCAPE
Stage Style: DECORATED
Scene Factory: class com.almasb.fxgl.scene.SceneFactory
Dialog Factory: class com.almasb.fxgl.ui.FXGLDialogFactory
UI Factory: class com.almasb.fxgl.ui.FXGLUIFactory
Notification Service: class com.almasb.fxgl.gameplay.notification.XboxNotificationView
Exception Handler: class com.almasb.fxgl.app.FXGLExceptionHandler
21:36:42.676 [JavaFX Application Thread] DEBUG GameApplication      - Configuring GameApplication
21:36:42.676 [JavaFX Application Thread] DEBUG GameApplication      - Initializing state machine and application states
21:36:42.701 [JavaFX Application Thread] DEBUG AssetLoader          - Loading from disk: /assets/ui/cursors/fxgl_default.png
21:36:42.722 [JavaFX Application Thread] DEBUG AssetLoader          - Loading from disk: /assets/ui/cursors/fxgl_default.png
21:36:42.818 [JavaFX Application Thread] DEBUG FXGLAssets           - Loading FXGLAssets
21:36:42.914 [JavaFX Application Thread] DEBUG AssetLoader          - Loading from disk: /assets/ui/fonts/VarelaRound-Regular.ttf
21:36:43.233 [JavaFX Application Thread] DEBUG AssetLoader          - Loading from disk: /assets/ui/fonts/lucida_console.ttf
21:36:43.287 [JavaFX Application Thread] DEBUG AssetLoader          - Loading from disk: /assets/ui/fonts/Courier-Prime.ttf
21:36:43.299 [JavaFX Application Thread] DEBUG AssetLoader          - Loading from disk: /assets/ui/fonts/Abel-Regular.ttf
21:36:43.307 [JavaFX Application Thread] DEBUG AssetLoader          - Loading from disk: /assets/ui/css/fxgl_dark.css
21:36:43.360 [JavaFX Application Thread] DEBUG AssetLoader          - Loading from disk: /assets/ui/cursors/fxgl_default.png
21:36:43.483 [JavaFX Application Thread] DEBUG AssetLoader          - Loading from disk: /assets/ui/cursors/fxgl_default.png
21:36:43.522 [JavaFX Application Thread] DEBUG GameScene            - Game scene initialized: 800x600
21:36:43.527 [JavaFX Application Thread] DEBUG GameWorld            - Game world initialized
21:36:43.677 [JavaFX Application Thread] DEBUG PhysicsWorld         - Physics world initialized: appHeight=600, physics.ppm=50.0
21:36:43.711 [JavaFX Application Thread] DEBUG Input                - Registered new binding: Pause - Esc
21:36:43.740 [JavaFX Application Thread] DEBUG Input                - Clearing active input actions
21:36:43.810 [JavaFX Application Thread] DEBUG AppStateMachine      - StartupState -> StartupState
21:36:43.817 [JavaFX Application Thread] INFO  GameApplication      - Game configuration took:  1.140 sec
21:36:43.820 [JavaFX Application Thread] DEBUG AssetLoader          - Loading from disk: /assets/textures/fxgl_icon.png
21:36:43.845 [JavaFX Application Thread] DEBUG MainWindow           - Opening main window
21:36:43.981 [JavaFX Application Thread] DEBUG MainWindow           - Window border size: (14.66668701171875, 37.33331298828125)
21:36:43.981 [JavaFX Application Thread] DEBUG MainWindow           - Scaled size: 800.0 x 600.0
21:36:43.982 [JavaFX Application Thread] DEBUG MainWindow           - Scaled ratio: (1.0, 1.0)
21:36:43.982 [JavaFX Application Thread] DEBUG MainWindow           - Scene size: 800.0 x 600.0
21:36:43.982 [JavaFX Application Thread] DEBUG MainWindow           - Stage size: 814.6666870117188 x 637.3333129882812
21:36:43.983 [JavaFX Application Thread] DEBUG GameApplication      - Running preInit()
21:36:43.987 [JavaFX Application Thread] DEBUG Input                - Registered new binding: Screenshot - P
21:36:43.988 [JavaFX Application Thread] DEBUG Input                - Registered new binding: Dev Options - CTRL+0
21:36:43.989 [JavaFX Application Thread] DEBUG Input                - Registered new binding: System info dump - CTRL+9
21:36:43.990 [JavaFX Application Thread] DEBUG Input                - Registered new binding: Restart - CTRL+R
21:36:43.991 [JavaFX Application Thread] DEBUG Input                - Registered new binding: Up - W
21:36:43.991 [JavaFX Application Thread] DEBUG Input                - Registered new binding: Down - S
21:36:43.992 [JavaFX Application Thread] DEBUG Input                - Registered new binding: Right - D
21:36:43.992 [JavaFX Application Thread] DEBUG Input                - Registered new binding: Left - A
21:36:44.019 [JavaFX Application Thread] DEBUG GameApplication      - Starting main loop
21:36:44.040 [JavaFX Application Thread] DEBUG StartupState         - STARTUP
21:36:44.040 [JavaFX Application Thread] DEBUG GameApplication      - Starting new game
21:36:44.040 [JavaFX Application Thread] DEBUG Input                - Clearing active input actions
21:36:44.057 [JavaFX Application Thread] DEBUG AppStateMachine      - StartupState -> LoadingState
21:36:44.070 [FXGL Background Thread 1 ] DEBUG InitAppTask          - Clearing previous game
21:36:44.070 [FXGL Background Thread 1 ] DEBUG GameWorld            - Clearing game world
21:36:44.070 [FXGL Background Thread 1 ] DEBUG PhysicsWorld         - Clearing physics world
21:36:44.070 [FXGL Background Thread 1 ] DEBUG GameScene            - Clearing game scene
21:36:44.074 [FXGL Background Thread 1 ] DEBUG InitAppTask          - Initializing Game
21:36:44.220 [FXGL Background Thread 1 ] DEBUG GameScene            - Creating render group for layer: DEFAULT(100000)
21:36:44.224 [FXGL Background Thread 1 ] DEBUG InitAppTask          - Initializing Physics
21:36:44.226 [FXGL Background Thread 1 ] DEBUG InitAppTask          - Initializing UI
21:36:44.226 [FXGL Background Thread 1 ] DEBUG InitAppTask          - Initialization Complete
21:36:44.227 [FXGL Background Thread 1 ] INFO  InitAppTask          - Game initialization took: 0.157 sec
21:36:44.270 [JavaFX Application Thread] DEBUG Input                - Clearing active input actions
21:36:44.279 [JavaFX Application Thread] DEBUG AppStateMachine      - LoadingState -> PlayState
21:36:45.359 [JavaFX Application Thread] DEBUG GameApplication      - Exiting game application
21:36:45.359 [JavaFX Application Thread] DEBUG GameApplication      - Shutting down background threads
21:36:45.360 [JavaFX Application Thread] DEBUG GameApplication      - Exiting FXGL
21:36:45.360 [JavaFX Application Thread] DEBUG FXGL                 - Saving FXGL system data
21:36:45.365 [JavaFX Application Thread] DEBUG DesktopFSService     - Writing to: system\fxgl.bundle
21:36:45.375 [JavaFX Application Thread] DEBUG GameApplication      - Closing logger and exiting JavaFX
