21:34:36.447 [JavaFX Application Thread] DEBUG GameApplication      - Logger initialized
21:34:36.458 [JavaFX Application Thread] DEBUG MainWindow           - Creating a JavaFX scene
21:34:36.664 [JavaFX Application Thread] DEBUG MainWindow           - Target settings size: 800.0 x 600.0
21:34:36.664 [JavaFX Application Thread] DEBUG MainWindow           - Scaled scene size:    800.0 x 600.0
21:34:36.665 [JavaFX Application Thread] DEBUG MainWindow           - Scaled ratio: (1.0, 1.0)
21:34:36.674 [JavaFX Application Thread] DEBUG GameApplication      - Starting FXGL
21:34:36.690 [JavaFX Application Thread] INFO  FXGL                 - FXGL-0.5.3 on DESKTOP
21:34:36.691 [JavaFX Application Thread] INFO  FXGL                 - Source code and latest versions at: https://github.com/AlmasB/FXGL
21:34:36.691 [JavaFX Application Thread] INFO  FXGL                 -              Join the FXGL chat at: https://gitter.im/AlmasB/FXGL
21:34:36.706 [JavaFX Application Thread] DEBUG FS                   - Loaded DesktopFSService
21:34:36.706 [JavaFX Application Thread] DEBUG FXGL                 - Loading FXGL system data
21:34:36.727 [JavaFX Application Thread] DEBUG DesktopFSService     - Reading from: system\fxgl.bundle
21:34:36.749 [JavaFX Application Thread] DEBUG Bundle               - Logging bundle: FXGL
21:34:36.750 [JavaFX Application Thread] DEBUG Bundle               - FXGL.offline.timer.version.check=2018-08-29T10:41:18.563066400
21:34:36.819 [JavaFX Application Thread] DEBUG GameApplication      - FXGL started
21:34:36.819 [JavaFX Application Thread] DEBUG GameApplication      - Logging game settings
Title: Deep learning
Version: 
Width: 800
Height: 600
Fullscreen: false
Intro: false
Menus: false
Profiling: false
Single step:false
App Mode: DEVELOPER
Menu Key: ESCAPE
Stage Style: DECORATED
Scene Factory: class com.almasb.fxgl.scene.SceneFactory
Dialog Factory: class com.almasb.fxgl.ui.FXGLDialogFactory
UI Factory: class com.almasb.fxgl.ui.FXGLUIFactory
Notification Service: class com.almasb.fxgl.gameplay.notification.XboxNotificationView
Exception Handler: class com.almasb.fxgl.app.FXGLExceptionHandler
21:34:36.822 [JavaFX Application Thread] DEBUG GameApplication      - Configuring GameApplication
21:34:36.822 [JavaFX Application Thread] DEBUG GameApplication      - Initializing state machine and application states
21:34:36.846 [JavaFX Application Thread] DEBUG AssetLoader          - Loading from disk: /assets/ui/cursors/fxgl_default.png
21:34:36.870 [JavaFX Application Thread] DEBUG AssetLoader          - Loading from disk: /assets/ui/cursors/fxgl_default.png
21:34:36.910 [JavaFX Application Thread] DEBUG FXGLAssets           - Loading FXGLAssets
21:34:36.967 [JavaFX Application Thread] DEBUG AssetLoader          - Loading from disk: /assets/ui/fonts/VarelaRound-Regular.ttf
21:34:37.283 [JavaFX Application Thread] DEBUG AssetLoader          - Loading from disk: /assets/ui/fonts/lucida_console.ttf
21:34:37.292 [JavaFX Application Thread] DEBUG AssetLoader          - Loading from disk: /assets/ui/fonts/Courier-Prime.ttf
21:34:37.298 [JavaFX Application Thread] DEBUG AssetLoader          - Loading from disk: /assets/ui/fonts/Abel-Regular.ttf
21:34:37.304 [JavaFX Application Thread] DEBUG AssetLoader          - Loading from disk: /assets/ui/css/fxgl_dark.css
21:34:37.346 [JavaFX Application Thread] DEBUG AssetLoader          - Loading from disk: /assets/ui/cursors/fxgl_default.png
21:34:37.456 [JavaFX Application Thread] DEBUG AssetLoader          - Loading from disk: /assets/ui/cursors/fxgl_default.png
21:34:37.496 [JavaFX Application Thread] DEBUG GameScene            - Game scene initialized: 800x600
21:34:37.501 [JavaFX Application Thread] DEBUG GameWorld            - Game world initialized
21:34:37.615 [JavaFX Application Thread] DEBUG PhysicsWorld         - Physics world initialized: appHeight=600, physics.ppm=50.0
21:34:37.653 [JavaFX Application Thread] DEBUG Input                - Registered new binding: Pause - Esc
21:34:37.688 [JavaFX Application Thread] DEBUG Input                - Clearing active input actions
21:34:37.755 [JavaFX Application Thread] DEBUG AppStateMachine      - StartupState -> StartupState
21:34:37.761 [JavaFX Application Thread] INFO  GameApplication      - Game configuration took:  0.939 sec
21:34:37.765 [JavaFX Application Thread] DEBUG AssetLoader          - Loading from disk: /assets/textures/fxgl_icon.png
21:34:37.791 [JavaFX Application Thread] DEBUG MainWindow           - Opening main window
21:34:37.954 [JavaFX Application Thread] DEBUG MainWindow           - Window border size: (14.66668701171875, 37.33331298828125)
21:34:37.954 [JavaFX Application Thread] DEBUG MainWindow           - Scaled size: 800.0 x 600.0
21:34:37.954 [JavaFX Application Thread] DEBUG MainWindow           - Scaled ratio: (1.0, 1.0)
21:34:37.954 [JavaFX Application Thread] DEBUG MainWindow           - Scene size: 800.0 x 600.0
21:34:37.955 [JavaFX Application Thread] DEBUG MainWindow           - Stage size: 814.6666870117188 x 637.3333129882812
21:34:37.955 [JavaFX Application Thread] DEBUG GameApplication      - Running preInit()
21:34:37.960 [JavaFX Application Thread] DEBUG Input                - Registered new binding: Screenshot - P
21:34:37.961 [JavaFX Application Thread] DEBUG Input                - Registered new binding: Dev Options - CTRL+0
21:34:37.962 [JavaFX Application Thread] DEBUG Input                - Registered new binding: System info dump - CTRL+9
21:34:37.963 [JavaFX Application Thread] DEBUG Input                - Registered new binding: Restart - CTRL+R
21:34:37.964 [JavaFX Application Thread] DEBUG Input                - Registered new binding: Up - W
21:34:37.964 [JavaFX Application Thread] DEBUG Input                - Registered new binding: Down - S
21:34:37.964 [JavaFX Application Thread] DEBUG Input                - Registered new binding: Right - D
21:34:37.965 [JavaFX Application Thread] DEBUG Input                - Registered new binding: Left - A
21:34:37.998 [JavaFX Application Thread] DEBUG GameApplication      - Starting main loop
21:34:38.013 [JavaFX Application Thread] DEBUG StartupState         - STARTUP
21:34:38.013 [JavaFX Application Thread] DEBUG GameApplication      - Starting new game
21:34:38.013 [JavaFX Application Thread] DEBUG Input                - Clearing active input actions
21:34:38.044 [JavaFX Application Thread] DEBUG AppStateMachine      - StartupState -> LoadingState
21:34:38.065 [FXGL Background Thread 1 ] DEBUG InitAppTask          - Clearing previous game
21:34:38.066 [FXGL Background Thread 1 ] DEBUG GameWorld            - Clearing game world
21:34:38.066 [FXGL Background Thread 1 ] DEBUG PhysicsWorld         - Clearing physics world
21:34:38.066 [FXGL Background Thread 1 ] DEBUG GameScene            - Clearing game scene
21:34:38.069 [FXGL Background Thread 1 ] DEBUG InitAppTask          - Initializing Game
21:34:38.226 [FXGL Background Thread 1 ] DEBUG GameScene            - Creating render group for layer: DEFAULT(100000)
21:34:38.230 [FXGL Background Thread 1 ] DEBUG InitAppTask          - Initializing Physics
21:34:38.232 [FXGL Background Thread 1 ] DEBUG InitAppTask          - Initializing UI
21:34:38.232 [FXGL Background Thread 1 ] DEBUG InitAppTask          - Initialization Complete
21:34:38.232 [FXGL Background Thread 1 ] INFO  InitAppTask          - Game initialization took: 0.166 sec
21:34:38.310 [JavaFX Application Thread] DEBUG Input                - Clearing active input actions
21:34:38.323 [JavaFX Application Thread] DEBUG AppStateMachine      - LoadingState -> PlayState
21:34:52.007 [JavaFX Application Thread] DEBUG GameApplication      - Exiting game application
21:34:52.009 [JavaFX Application Thread] DEBUG GameApplication      - Shutting down background threads
21:34:52.010 [JavaFX Application Thread] DEBUG GameApplication      - Exiting FXGL
21:34:52.011 [JavaFX Application Thread] DEBUG FXGL                 - Saving FXGL system data
21:34:52.024 [JavaFX Application Thread] DEBUG DesktopFSService     - Writing to: system\fxgl.bundle
21:34:52.043 [JavaFX Application Thread] DEBUG GameApplication      - Closing logger and exiting JavaFX
