21:28:21.118 [JavaFX Application Thread] DEBUG GameApplication      - Logger initialized
21:28:21.129 [JavaFX Application Thread] DEBUG MainWindow           - Creating a JavaFX scene
21:28:21.296 [JavaFX Application Thread] DEBUG MainWindow           - Target settings size: 800.0 x 600.0
21:28:21.296 [JavaFX Application Thread] DEBUG MainWindow           - Scaled scene size:    800.0 x 600.0
21:28:21.296 [JavaFX Application Thread] DEBUG MainWindow           - Scaled ratio: (1.0, 1.0)
21:28:21.302 [JavaFX Application Thread] DEBUG GameApplication      - Starting FXGL
21:28:21.316 [JavaFX Application Thread] INFO  FXGL                 - FXGL-0.5.3 on DESKTOP
21:28:21.317 [JavaFX Application Thread] INFO  FXGL                 - Source code and latest versions at: https://github.com/AlmasB/FXGL
21:28:21.317 [JavaFX Application Thread] INFO  FXGL                 -              Join the FXGL chat at: https://gitter.im/AlmasB/FXGL
21:28:21.329 [JavaFX Application Thread] DEBUG FS                   - Loaded DesktopFSService
21:28:21.330 [JavaFX Application Thread] DEBUG FXGL                 - Loading FXGL system data
21:28:21.345 [JavaFX Application Thread] DEBUG DesktopFSService     - Reading from: system\fxgl.bundle
21:28:21.360 [JavaFX Application Thread] DEBUG Bundle               - Logging bundle: FXGL
21:28:21.362 [JavaFX Application Thread] DEBUG Bundle               - FXGL.offline.timer.version.check=2018-08-29T10:41:18.563066400
21:28:21.422 [JavaFX Application Thread] DEBUG GameApplication      - FXGL started
21:28:21.423 [JavaFX Application Thread] DEBUG GameApplication      - Logging game settings
Title: Deep learning
Version: 
Width: 800
Height: 600
Fullscreen: false
Intro: false
Menus: false
Profiling: false
Single step:false
App Mode: DEVELOPER
Menu Key: ESCAPE
Stage Style: DECORATED
Scene Factory: class com.almasb.fxgl.scene.SceneFactory
Dialog Factory: class com.almasb.fxgl.ui.FXGLDialogFactory
UI Factory: class com.almasb.fxgl.ui.FXGLUIFactory
Notification Service: class com.almasb.fxgl.gameplay.notification.XboxNotificationView
Exception Handler: class com.almasb.fxgl.app.FXGLExceptionHandler
21:28:21.424 [JavaFX Application Thread] DEBUG GameApplication      - Configuring GameApplication
21:28:21.424 [JavaFX Application Thread] DEBUG GameApplication      - Initializing state machine and application states
21:28:21.443 [JavaFX Application Thread] DEBUG AssetLoader          - Loading from disk: /assets/ui/cursors/fxgl_default.png
21:28:21.463 [JavaFX Application Thread] DEBUG AssetLoader          - Loading from disk: /assets/ui/cursors/fxgl_default.png
21:28:21.497 [JavaFX Application Thread] DEBUG FXGLAssets           - Loading FXGLAssets
21:28:21.541 [JavaFX Application Thread] DEBUG AssetLoader          - Loading from disk: /assets/ui/fonts/VarelaRound-Regular.ttf
21:28:21.831 [JavaFX Application Thread] DEBUG AssetLoader          - Loading from disk: /assets/ui/fonts/lucida_console.ttf
21:28:21.839 [JavaFX Application Thread] DEBUG AssetLoader          - Loading from disk: /assets/ui/fonts/Courier-Prime.ttf
21:28:21.845 [JavaFX Application Thread] DEBUG AssetLoader          - Loading from disk: /assets/ui/fonts/Abel-Regular.ttf
21:28:21.850 [JavaFX Application Thread] DEBUG AssetLoader          - Loading from disk: /assets/ui/css/fxgl_dark.css
21:28:21.886 [JavaFX Application Thread] DEBUG AssetLoader          - Loading from disk: /assets/ui/cursors/fxgl_default.png
21:28:21.981 [JavaFX Application Thread] DEBUG AssetLoader          - Loading from disk: /assets/ui/cursors/fxgl_default.png
21:28:22.016 [JavaFX Application Thread] DEBUG GameScene            - Game scene initialized: 800x600
21:28:22.020 [JavaFX Application Thread] DEBUG GameWorld            - Game world initialized
21:28:22.107 [JavaFX Application Thread] DEBUG PhysicsWorld         - Physics world initialized: appHeight=600, physics.ppm=50.0
21:28:22.139 [JavaFX Application Thread] DEBUG Input                - Registered new binding: Pause - Esc
21:28:22.168 [JavaFX Application Thread] DEBUG Input                - Clearing active input actions
21:28:22.217 [JavaFX Application Thread] DEBUG AppStateMachine      - StartupState -> StartupState
21:28:22.222 [JavaFX Application Thread] INFO  GameApplication      - Game configuration took:  0.797 sec
21:28:22.232 [JavaFX Application Thread] DEBUG AssetLoader          - Loading from disk: /assets/textures/fxgl_icon.png
21:28:22.266 [JavaFX Application Thread] DEBUG MainWindow           - Opening main window
21:28:22.409 [JavaFX Application Thread] DEBUG MainWindow           - Window border size: (14.66668701171875, 37.33331298828125)
21:28:22.409 [JavaFX Application Thread] DEBUG MainWindow           - Scaled size: 800.0 x 600.0
21:28:22.410 [JavaFX Application Thread] DEBUG MainWindow           - Scaled ratio: (1.0, 1.0)
21:28:22.410 [JavaFX Application Thread] DEBUG MainWindow           - Scene size: 800.0 x 600.0
21:28:22.410 [JavaFX Application Thread] DEBUG MainWindow           - Stage size: 814.6666870117188 x 637.3333129882812
21:28:22.410 [JavaFX Application Thread] DEBUG GameApplication      - Running preInit()
21:28:22.414 [JavaFX Application Thread] DEBUG Input                - Registered new binding: Screenshot - P
21:28:22.415 [JavaFX Application Thread] DEBUG Input                - Registered new binding: Dev Options - CTRL+0
21:28:22.417 [JavaFX Application Thread] DEBUG Input                - Registered new binding: System info dump - CTRL+9
21:28:22.419 [JavaFX Application Thread] DEBUG Input                - Registered new binding: Restart - CTRL+R
21:28:22.420 [JavaFX Application Thread] DEBUG Input                - Registered new binding: Up - W
21:28:22.420 [JavaFX Application Thread] DEBUG Input                - Registered new binding: Down - S
21:28:22.421 [JavaFX Application Thread] DEBUG Input                - Registered new binding: Right - D
21:28:22.421 [JavaFX Application Thread] DEBUG Input                - Registered new binding: Left - A
21:28:22.451 [JavaFX Application Thread] DEBUG GameApplication      - Starting main loop
21:28:22.463 [JavaFX Application Thread] DEBUG StartupState         - STARTUP
21:28:22.464 [JavaFX Application Thread] DEBUG GameApplication      - Starting new game
21:28:22.465 [JavaFX Application Thread] DEBUG Input                - Clearing active input actions
21:28:22.494 [JavaFX Application Thread] DEBUG AppStateMachine      - StartupState -> LoadingState
21:28:22.508 [FXGL Background Thread 1 ] DEBUG InitAppTask          - Clearing previous game
21:28:22.508 [FXGL Background Thread 1 ] DEBUG GameWorld            - Clearing game world
21:28:22.508 [FXGL Background Thread 1 ] DEBUG PhysicsWorld         - Clearing physics world
21:28:22.509 [FXGL Background Thread 1 ] DEBUG GameScene            - Clearing game scene
21:28:22.513 [FXGL Background Thread 1 ] DEBUG InitAppTask          - Initializing Game
21:28:22.627 [FXGL Background Thread 1 ] DEBUG GameScene            - Creating render group for layer: DEFAULT(100000)
21:28:22.630 [FXGL Background Thread 1 ] DEBUG InitAppTask          - Initializing Physics
21:28:22.634 [FXGL Background Thread 1 ] DEBUG InitAppTask          - Initializing UI
21:28:22.635 [FXGL Background Thread 1 ] DEBUG InitAppTask          - Initialization Complete
21:28:22.636 [FXGL Background Thread 1 ] INFO  InitAppTask          - Game initialization took: 0.127 sec
21:28:22.727 [JavaFX Application Thread] DEBUG Input                - Clearing active input actions
21:28:22.741 [JavaFX Application Thread] DEBUG AppStateMachine      - LoadingState -> PlayState
21:28:49.992 [JavaFX Application Thread] DEBUG GameApplication      - Exiting game application
21:28:49.993 [JavaFX Application Thread] DEBUG GameApplication      - Shutting down background threads
21:28:49.994 [JavaFX Application Thread] DEBUG GameApplication      - Exiting FXGL
21:28:49.994 [JavaFX Application Thread] DEBUG FXGL                 - Saving FXGL system data
21:28:49.999 [JavaFX Application Thread] DEBUG DesktopFSService     - Writing to: system\fxgl.bundle
21:28:50.007 [JavaFX Application Thread] DEBUG GameApplication      - Closing logger and exiting JavaFX
